2025-12-06 20:39:56,186 - app.logger - INFO - Background job manager stopped
2025-12-06 20:39:56,187 - app.logger - INFO - Background job manager stopped
2025-12-06 20:39:56,893 - app.logger - INFO - Logging system initialized with rotation
2025-12-06 20:39:56,896 - app.database - INFO - Initializing database at: /opt/Aegis/data/antivirus.db
2025-12-06 20:39:56,898 - app.database - INFO - Database initialized successfully with all tables
2025-12-06 20:39:57,017 - app.logger - INFO - [ENV] env.env loaded: yes (/opt/aegis/antivirus-core/app/env.env)
2025-12-06 20:39:57,017 - app.logger - INFO - [ENV] VIRUSTOTAL_API_KEY: 8958...96ce
2025-12-06 20:39:57,018 - app.logger - INFO - [External APIs] Enabled map: {'virustotal': True, 'google_safe_browsing': False, 'abuseipdb': True}
2025-12-06 20:39:57,099 - app.logger - INFO - 🚀 AEGIS Server starting up...
2025-12-06 20:39:57,100 - app.logger - INFO - ✅ Database tables verified
2025-12-06 20:39:57,101 - app.logger - INFO - Database connection established successfully
2025-12-06 20:39:57,102 - app.database - INFO - Rate limits reset successfully
2025-12-06 20:39:57,102 - app.logger - INFO - Rate limits reset
2025-12-06 20:39:57,102 - app.logger - INFO - Background job manager started
2025-12-06 20:39:57,102 - app.logger - INFO - Background job manager started
2025-12-06 20:39:57,103 - app.logger - INFO - WebSocket cleanup task started
2025-12-06 20:39:57,103 - app.logger - INFO - ✅ AEGIS Server startup complete
2025-12-06 20:40:24,334 - app.logger - INFO - [PAYMENTS] Creating payment: user=940965509, type=forever, amount=500
2025-12-06 20:40:24,545 - app.logger - INFO - [PAYMENTS] Payment created: 30c67e48-000f-5001-8000-1451613db158
2025-12-06 20:40:24,546 - app.database - INFO - Initializing database at: /opt/Aegis/data/antivirus.db
2025-12-06 20:40:24,549 - app.database - INFO - Database initialized successfully with all tables
2025-12-06 20:40:24,549 - app.logger - ERROR - [PAYMENTS] DB save error: 'DatabaseManager' object has no attribute 'create_yookassa_payment'
2025-12-06 20:40:59,568 - app.logger - INFO - [PAYMENTS] Creating payment: user=940965509, type=monthly, amount=150
2025-12-06 20:40:59,754 - app.logger - INFO - [PAYMENTS] Payment created: 30c67e6b-000f-5000-b000-116e22406472
2025-12-06 20:40:59,755 - app.database - INFO - Initializing database at: /opt/Aegis/data/antivirus.db
2025-12-06 20:40:59,757 - app.database - INFO - Database initialized successfully with all tables
2025-12-06 20:40:59,759 - app.logger - ERROR - [PAYMENTS] DB save error: 'DatabaseManager' object has no attribute 'create_yookassa_payment'
2025-12-06 20:42:40,351 - app.logger - INFO - [PAYMENTS] Creating payment: user=940965509, type=forever, amount=500
2025-12-06 20:42:40,484 - app.logger - INFO - [PAYMENTS] Payment created: 30c67ed0-000f-5000-8000-1e56b6b277cf
2025-12-06 20:42:40,485 - app.database - INFO - Initializing database at: /opt/Aegis/data/antivirus.db
2025-12-06 20:42:40,488 - app.database - INFO - Database initialized successfully with all tables
2025-12-06 20:42:40,489 - app.logger - ERROR - [PAYMENTS] DB save error: 'DatabaseManager' object has no attribute 'create_yookassa_payment'
2025-12-06 20:44:31,557 - app.logger - INFO - [PAYMENTS] Creating payment: user=696019842, type=forever, amount=500
2025-12-06 20:44:31,741 - app.logger - INFO - [PAYMENTS] Payment created: 30c67f3f-000f-5001-8000-173cddfef3fa
2025-12-06 20:44:31,742 - app.database - INFO - Initializing database at: /opt/Aegis/data/antivirus.db
2025-12-06 20:44:31,744 - app.database - INFO - Database initialized successfully with all tables
2025-12-06 20:44:31,745 - app.logger - ERROR - [PAYMENTS] DB save error: 'DatabaseManager' object has no attribute 'create_yookassa_payment'
2025-12-06 20:44:40,495 - app.logger - INFO - [PAYMENTS] Creating payment: user=696019842, type=monthly, amount=150
2025-12-06 20:44:40,700 - app.logger - INFO - [PAYMENTS] Payment created: 30c67f48-000f-5001-9000-1000639c4751
2025-12-06 20:44:40,701 - app.database - INFO - Initializing database at: /opt/Aegis/data/antivirus.db
2025-12-06 20:44:40,704 - app.database - INFO - Database initialized successfully with all tables
2025-12-06 20:44:40,706 - app.logger - ERROR - [PAYMENTS] DB save error: 'DatabaseManager' object has no attribute 'create_yookassa_payment'
2025-12-06 20:47:30,483 - app.logger - INFO - [PAYMENTS] Creating payment: user=696019842, type=monthly, amount=150
2025-12-06 20:47:30,684 - app.logger - INFO - [PAYMENTS] Payment created: 30c67ff2-000f-5000-b000-169150f71db9
2025-12-06 20:47:30,686 - app.database - INFO - Initializing database at: /opt/Aegis/data/antivirus.db
2025-12-06 20:47:30,689 - app.database - INFO - Database initialized successfully with all tables
2025-12-06 20:47:30,690 - app.logger - ERROR - [PAYMENTS] DB save error: 'DatabaseManager' object has no attribute 'create_yookassa_payment'
2025-12-06 20:48:13,392 - app.logger - INFO - [PAYMENTS] Creating payment: user=696019842, type=monthly, amount=150
2025-12-06 20:48:13,560 - app.logger - INFO - [PAYMENTS] Payment created: 30c6801d-000f-5000-8000-11dee926c70a
2025-12-06 20:48:13,561 - app.database - INFO - Initializing database at: /opt/Aegis/data/antivirus.db
2025-12-06 20:48:13,564 - app.database - INFO - Database initialized successfully with all tables
2025-12-06 20:48:13,564 - app.logger - ERROR - [PAYMENTS] DB save error: 'DatabaseManager' object has no attribute 'create_yookassa_payment'
2025-12-06 20:48:14,906 - app.logger - INFO - [PAYMENTS] Creating payment: user=940965509, type=monthly, amount=150
2025-12-06 20:48:15,082 - app.logger - INFO - [PAYMENTS] Payment created: 30c6801e-000f-5001-8000-17a6265bb23f
2025-12-06 20:48:15,083 - app.database - INFO - Initializing database at: /opt/Aegis/data/antivirus.db
2025-12-06 20:48:15,086 - app.database - INFO - Database initialized successfully with all tables
2025-12-06 20:48:15,087 - app.logger - ERROR - [PAYMENTS] DB save error: 'DatabaseManager' object has no attribute 'create_yookassa_payment'
2025-12-06 20:49:03,925 - app.logger - INFO - [PAYMENTS] Creating payment: user=696019842, type=monthly, amount=150
2025-12-06 20:49:04,107 - app.logger - INFO - [PAYMENTS] Payment created: 30c68050-000f-5001-9000-1e03dc16a85c
2025-12-06 20:49:04,108 - app.database - INFO - Initializing database at: /opt/Aegis/data/antivirus.db
2025-12-06 20:49:04,111 - app.database - INFO - Database initialized successfully with all tables
2025-12-06 20:49:04,112 - app.logger - ERROR - [PAYMENTS] DB save error: 'DatabaseManager' object has no attribute 'create_yookassa_payment'
2025-12-06 20:50:52,488 - app.logger - INFO - [PAYMENTS] Creating payment: user=696019842, type=forever, amount=500
2025-12-06 20:50:52,688 - app.logger - INFO - [PAYMENTS] Payment created: 30c680bc-000f-5001-8000-15334b44cb6f
2025-12-06 20:50:52,689 - app.database - INFO - Initializing database at: /opt/Aegis/data/antivirus.db
2025-12-06 20:50:52,692 - app.database - INFO - Database initialized successfully with all tables
2025-12-06 20:50:52,693 - app.logger - ERROR - [PAYMENTS] DB save error: 'DatabaseManager' object has no attribute 'create_yookassa_payment'
2025-12-06 20:59:46,232 - app.logger - INFO - Background job manager stopped
2025-12-06 20:59:46,232 - app.logger - INFO - Background job manager stopped
2025-12-06 20:59:46,950 - app.logger - INFO - Logging system initialized with rotation
2025-12-06 20:59:46,970 - app.database - INFO - Initializing database at: /opt/Aegis/data/antivirus.db
2025-12-06 20:59:46,972 - app.database - INFO - Database initialized successfully with all tables
2025-12-06 20:59:47,096 - app.logger - INFO - [ENV] env.env loaded: yes (/opt/aegis/antivirus-core/app/env.env)
2025-12-06 20:59:47,096 - app.logger - INFO - [ENV] VIRUSTOTAL_API_KEY: 8958...96ce
2025-12-06 20:59:47,097 - app.logger - INFO - [External APIs] Enabled map: {'virustotal': True, 'google_safe_browsing': False, 'abuseipdb': True}
2025-12-06 20:59:47,178 - app.logger - INFO - 🚀 AEGIS Server starting up...
2025-12-06 20:59:47,179 - app.logger - INFO - ✅ Database tables verified
2025-12-06 20:59:47,180 - app.logger - INFO - Database connection established successfully
2025-12-06 20:59:47,181 - app.database - INFO - Rate limits reset successfully
2025-12-06 20:59:47,181 - app.logger - INFO - Rate limits reset
2025-12-06 20:59:47,181 - app.logger - INFO - Background job manager started
2025-12-06 20:59:47,181 - app.logger - INFO - Background job manager started
2025-12-06 20:59:47,181 - app.logger - INFO - WebSocket cleanup task started
2025-12-06 20:59:47,181 - app.logger - INFO - ✅ AEGIS Server startup complete
2025-12-06 21:00:35,005 - app.logger - INFO - [PAYMENTS] Creating payment: user=123456, type=monthly, amount=150
2025-12-06 21:00:35,159 - app.logger - INFO - [PAYMENTS] Payment created: 30c68303-000f-5001-8000-1fafffd68d32
2025-12-06 21:00:35,160 - app.database - INFO - Initializing database at: /opt/Aegis/data/antivirus.db
2025-12-06 21:00:35,163 - app.database - INFO - Database initialized successfully with all tables
2025-12-06 21:00:35,164 - app.logger - ERROR - [PAYMENTS] DB save error: 'DatabaseManager' object has no attribute 'create_yookassa_payment'
2025-12-06 21:01:02,905 - app.database - INFO - Initializing database at: /opt/Aegis/data/antivirus.db
2025-12-06 21:01:02,909 - app.database - INFO - Database initialized successfully with all tables
2025-12-06 21:01:02,910 - app.logger - INFO - [PAYMENTS] Payment succeeded: test123. Issuing license to 696019842
2025-12-06 21:01:02,910 - app.logger - ERROR - [PAYMENTS] Failed to update DB payment status: 'DatabaseManager' object has no attribute 'update_yookassa_payment_status'
2025-12-06 21:02:12,505 - app.logger - INFO - [PAYMENTS] Creating payment: user=999999999, type=monthly, amount=150
2025-12-06 21:02:12,701 - app.logger - INFO - [PAYMENTS] Payment created: 30c68364-000f-5000-b000-189cf8689fe0
2025-12-06 21:02:12,702 - app.database - INFO - Initializing database at: /opt/Aegis/data/antivirus.db
2025-12-06 21:02:12,708 - app.database - INFO - Database initialized successfully with all tables
2025-12-06 21:02:12,709 - app.logger - ERROR - [PAYMENTS] DB save error: 'DatabaseManager' object has no attribute 'create_yookassa_payment'
2025-12-06 21:02:29,156 - app.database - INFO - Initializing database at: /opt/Aegis/data/antivirus.db
2025-12-06 21:02:29,159 - app.database - INFO - Database initialized successfully with all tables
2025-12-06 21:02:29,160 - app.logger - INFO - [PAYMENTS] Payment succeeded: 30abc123-..... Issuing license to 999999999
2025-12-06 21:02:29,161 - app.logger - ERROR - [PAYMENTS] Failed to update DB payment status: 'DatabaseManager' object has no attribute 'update_yookassa_payment_status'
2025-12-06 21:03:26,290 - app.database - INFO - Initializing database at: /opt/Aegis/data/antivirus.db
2025-12-06 21:03:26,294 - app.database - INFO - Database initialized successfully with all tables
2025-12-06 21:03:26,295 - app.database - ERROR - Get payment error: no such table: yookassa_payments
2025-12-06 21:05:38,192 - app.database - INFO - Initializing database at: /opt/Aegis/data/antivirus.db
2025-12-06 21:05:38,196 - app.database - INFO - Database initialized successfully with all tables
2025-12-06 21:05:38,197 - app.logger - INFO - [PAYMENTS] Payment succeeded: 30c68303-000f-5001-8000-1fafffd68d32. Issuing license to 696019842
2025-12-06 21:05:38,197 - app.logger - ERROR - [PAYMENTS] Failed to update DB payment status: 'DatabaseManager' object has no attribute 'update_yookassa_payment_status'
2025-12-06 21:18:02,479 - app.database - INFO - Initializing database at: /opt/Aegis/data/antivirus.db
2025-12-06 21:18:02,482 - app.database - INFO - Database initialized successfully with all tables
2025-12-06 21:18:02,484 - app.database - ERROR - Get payment error: no such table: yookassa_payments
2025-12-06 21:18:07,030 - app.logger - INFO - [PAYMENTS] Creating payment: user=696019842, type=monthly, amount=150
2025-12-06 21:18:07,211 - app.logger - INFO - [PAYMENTS] Payment created: 30c6871f-000f-5000-b000-11b39db86a63
2025-12-06 21:18:07,211 - app.database - INFO - Initializing database at: /opt/Aegis/data/antivirus.db
2025-12-06 21:18:07,214 - app.database - INFO - Database initialized successfully with all tables
2025-12-06 21:18:07,215 - app.logger - ERROR - [PAYMENTS] DB save error: 'DatabaseManager' object has no attribute 'create_yookassa_payment'
2025-12-06 21:18:08,504 - app.database - INFO - Initializing database at: /opt/Aegis/data/antivirus.db
2025-12-06 21:18:08,506 - app.database - INFO - Database initialized successfully with all tables
2025-12-06 21:18:08,507 - app.database - ERROR - Get payment error: no such table: yookassa_payments
2025-12-06 21:35:39,730 - app.logger - INFO - [PAYMENTS] Creating payment: user=696019842, type=monthly, amount=150
2025-12-06 21:35:39,927 - app.logger - INFO - [PAYMENTS] Payment created: 30c68b3b-000f-5000-b000-1a621a4d8617
2025-12-06 21:35:39,928 - app.database - INFO - Initializing database at: /opt/Aegis/data/antivirus.db
2025-12-06 21:35:39,931 - app.database - INFO - Database initialized successfully with all tables
2025-12-06 21:35:39,931 - app.logger - ERROR - [PAYMENTS] DB save error: 'DatabaseManager' object has no attribute 'create_yookassa_payment'
2025-12-06 21:35:41,088 - app.database - INFO - Initializing database at: /opt/Aegis/data/antivirus.db
2025-12-06 21:35:41,091 - app.database - INFO - Database initialized successfully with all tables
2025-12-06 21:35:41,092 - app.database - ERROR - Get payment error: no such table: yookassa_payments
2025-12-06 22:30:28,480 - app.logger - WARNING - Blocked suspicious path: /.env
2025-12-06 23:24:30,173 - app.logger - INFO - [PAYMENTS] Creating payment: user=696019842, type=monthly, amount=150
2025-12-06 23:24:30,322 - app.logger - INFO - [PAYMENTS] Payment created: 30c6a4be-000f-5001-9000-19e17d263866
2025-12-06 23:24:30,323 - app.database - INFO - Initializing database at: /opt/Aegis/data/antivirus.db
2025-12-06 23:24:30,326 - app.database - INFO - Database initialized successfully with all tables
2025-12-06 23:24:30,327 - app.logger - ERROR - [PAYMENTS] DB save error: 'DatabaseManager' object has no attribute 'create_yookassa_payment'
2025-12-06 23:24:33,069 - app.database - INFO - Initializing database at: /opt/Aegis/data/antivirus.db
2025-12-06 23:24:33,072 - app.database - INFO - Database initialized successfully with all tables
2025-12-06 23:24:33,073 - app.database - ERROR - Get payment error: no such table: yookassa_payments
2025-12-06 23:27:39,044 - app.logger - INFO - [WS] WebSocket connection attempt from 185.46.16.165
2025-12-06 23:27:39,046 - app.logger - INFO - [WS] WebSocket connection accepted from 185.46.16.165
2025-12-06 23:27:39,052 - app.logger - INFO - [WS] Client connected: id=fb21de14-eab2-4d22-8a71-65f9bc82457e, ip=185.46.16.165
2025-12-06 23:30:57,423 - app.logger - INFO - [WS] Starting URL analysis for: https://yookassa.ru/my/analytics (context: link_check)
2025-12-06 23:30:57,424 - app.logger - INFO - 🔍 Analyzing URL: https://yookassa.ru/my/analytics (ignore_db=False)
2025-12-06 23:30:57,428 - app.logger - INFO - ✅ URL found in local cache (whitelist/blacklist), skipping external APIs: https://yookassa.ru/my/analytics
2025-12-06 23:30:57,428 - app.logger - INFO - [WS] URL analysis completed for https://yookassa.ru/my/analytics: safe=True, source=external_apis
2025-12-06 23:30:57,428 - app.logger - INFO - [WS] Sent analysis_result for https://yookassa.ru/my/analytics to client fb21de14-eab2-4d22-8a71-65f9bc82457e
