2025-12-01 01:14:20,778 - app.logger - INFO - Logging system initialized with rotation
2025-12-01 01:14:20,807 - app.database - INFO - Initializing database at: /opt/Aegis/data/antivirus.db
2025-12-01 01:14:20,820 - app.database - INFO - Database initialized successfully with all tables
2025-12-01 01:14:21,106 - app.logger - INFO - [ENV] env.env loaded: yes (/opt/aegis/antivirus-core/app/env.env)
2025-12-01 01:14:21,107 - app.logger - INFO - [ENV] VIRUSTOTAL_API_KEY: 8958...96ce
2025-12-01 01:14:21,108 - app.logger - INFO - [External APIs] Enabled map: {'virustotal': True, 'google_safe_browsing': False, 'abuseipdb': True}
2025-12-01 01:14:21,248 - app.logger - INFO - 🚀 AEGIS Server starting up...
2025-12-01 01:14:21,249 - app.logger - INFO - ✅ Database tables verified
2025-12-01 01:14:21,254 - app.logger - INFO - Database connection established successfully
2025-12-01 01:14:21,257 - app.database - INFO - Rate limits reset successfully
2025-12-01 01:14:21,258 - app.logger - INFO - Rate limits reset
2025-12-01 01:14:21,258 - app.logger - INFO - Background job manager started
2025-12-01 01:14:21,258 - app.logger - INFO - Background job manager started
2025-12-01 01:14:21,258 - app.logger - INFO - WebSocket cleanup task started
2025-12-01 01:14:21,258 - app.logger - INFO - ✅ AEGIS Server startup complete
2025-12-01 01:33:03,967 - app.logger - INFO - Background job manager stopped
2025-12-01 01:33:03,968 - app.logger - INFO - Background job manager stopped
2025-12-01 01:33:04,659 - app.logger - INFO - Logging system initialized with rotation
2025-12-01 01:33:04,662 - app.database - INFO - Initializing database at: /opt/Aegis/data/antivirus.db
2025-12-01 01:33:04,665 - app.database - INFO - Database initialized successfully with all tables
2025-12-01 01:33:04,797 - app.logger - INFO - [ENV] env.env loaded: yes (/opt/aegis/antivirus-core/app/env.env)
2025-12-01 01:33:04,798 - app.logger - INFO - [ENV] VIRUSTOTAL_API_KEY: 8958...96ce
2025-12-01 01:33:04,798 - app.logger - INFO - [External APIs] Enabled map: {'virustotal': True, 'google_safe_browsing': False, 'abuseipdb': True}
2025-12-01 01:33:04,887 - app.logger - INFO - 🚀 AEGIS Server starting up...
2025-12-01 01:33:04,889 - app.logger - INFO - ✅ Database tables verified
2025-12-01 01:33:04,890 - app.logger - INFO - Database connection established successfully
2025-12-01 01:33:04,891 - app.database - INFO - Rate limits reset successfully
2025-12-01 01:33:04,892 - app.logger - INFO - Rate limits reset
2025-12-01 01:33:04,892 - app.logger - INFO - Background job manager started
2025-12-01 01:33:04,892 - app.logger - INFO - Background job manager started
2025-12-01 01:33:04,892 - app.logger - INFO - WebSocket cleanup task started
2025-12-01 01:33:04,892 - app.logger - INFO - ✅ AEGIS Server startup complete
2025-12-01 01:34:08,686 - app.logger - INFO - [WS] WebSocket connection attempt from 79.137.194.89
2025-12-01 01:34:08,687 - app.logger - INFO - [WS] WebSocket connection accepted from 79.137.194.89
2025-12-01 01:34:08,693 - app.logger - INFO - [WS] Client connected: id=7c458c2c-a68e-41c0-ab8f-90f8504d512c, ip=79.137.194.89
2025-12-01 01:34:19,888 - app.database - INFO - Active session set for user_id=2, device_id=f6bffa9d05201e2d303d1e3a47512a88
2025-12-01 01:34:19,895 - app.auth - INFO - User logged in: username=test, user_id=2, device_id=f6bffa9d05201e2d303d1e3a47512a88
2025-12-01 01:34:29,922 - app.database - INFO - Active session set for user_id=2, device_id=92269afc97ebc7bdf7afd8282097556d
2025-12-01 01:34:29,928 - app.auth - INFO - User logged in: username=test, user_id=2, device_id=92269afc97ebc7bdf7afd8282097556d
2025-12-01 01:34:57,402 - app.logger - INFO - [WS] Starting URL analysis for: https://ru.wikipedia.org/wiki/%D0%9A%D1%83%D0%BA%D1%83 (context: hover)
2025-12-01 01:34:57,403 - app.logger - INFO - 🔍 Analyzing URL: https://ru.wikipedia.org/wiki/%D0%9A%D1%83%D0%BA%D1%83 (ignore_db=False)
2025-12-01 01:34:57,408 - app.logger - INFO - ✅ Trusted domain detected: ru.wikipedia.org - marking as safe immediately
2025-12-01 01:34:57,411 - app.logger - INFO - [WS] URL analysis completed for https://ru.wikipedia.org/wiki/%D0%9A%D1%83%D0%BA%D1%83: safe=True, source=trusted_domain
2025-12-01 01:34:57,411 - app.logger - INFO - [WS] Sent analysis_result for https://ru.wikipedia.org/wiki/%D0%9A%D1%83%D0%BA%D1%83 to client 7c458c2c-a68e-41c0-ab8f-90f8504d512c
2025-12-01 01:34:59,320 - app.logger - INFO - [WS] Starting URL analysis for: https://www.kinopoisk.ru/film/395049/ (context: hover)
2025-12-01 01:34:59,321 - app.logger - INFO - 🔍 Analyzing URL: https://www.kinopoisk.ru/film/395049/ (ignore_db=False)
2025-12-01 01:34:59,324 - app.logger - INFO - 🔍 Checking external APIs for: https://www.kinopoisk.ru/film/395049/
2025-12-01 01:34:59,847 - app.logger - INFO - Found URL in VirusTotal database: https://www.kinopoisk.ru/film/395049/
2025-12-01 01:34:59,849 - app.logger - INFO - 🔍 Combining external results for https://www.kinopoisk.ru/film/395049/: {'virustotal': {'data': {'id': 'ed1b4bdeacf4bc2a4c14a9b654ab54dff73fff2851109c1e6e13019529164af9', 'type': 'url', 'links': {'self': 'https://www.virustotal.com/api/v3/urls/ed1b4bdeacf4bc2a4c14a9b654ab54dff73fff2851109c1e6e13019529164af9'}, 'attributes': {'last_modification_date': 1538648297, 'threat_names': [], 'reputation': 0, 'last_analysis_stats': {'malicious': 0, 'suspicious': 0, 'undetected': 7, 'harmless': 60, 'timeout': 0}, 'total_votes': {'harmless': 0, 'malicious': 0}, 'last_analysis_date': 1538648293, 'url': 'https://www.kinopoisk.ru/film/395049/', 'last_http_response_content_sha256': 'bdd112a4a680c13da50322954b20a79e2b8c0fd90c675bbd2514698f0b4bb73d', 'first_submission_date': 1538648293, 'last_http_response_cookies': {}, 'last_http_response_code': 200, 'last_http_response_headers': {'strict-transport-security': 'max-age=31536000', 'x-content-security-policy-report-only': "default-src 'none'; connect-src 'self' www.kinopoisk.ru bo.kinopoisk.ru *.facebook.net *.facebook.com *.yandex.net an.yandex.ru mobile.yandex.net static-mon.yandex.net widgets.kinopoisk.ru an.yandex.ru google.com mc.yandex.ru mc.yandex.by mc.yandex.ua mc.yandex.kz api.passport.yandex.ru yandex.ru ads.adfox.ru ott-widget.kinopoisk.ru logger.kp.yandex.net; font-src 'self' www.kinopoisk.ru yastatic.net yastatic.net st.kp.yandex.net st.kp.yandex.net st1.kp.yandex.net st2.kp.yandex.net st3.kp.yandex.net st4.kp.yandex.net st5.kp.yandex.net st6.kp.yandex.net st7.kp.yandex.net st8.kp.yandex.net; frame-src 'self' www.kinopoisk.ru auth.kinopoisk.ru yastatic.net betastatic.yandex.net betastatic.yastatic.net yastatic.net st.kp.yandex.net st.kp.yandex.net static.kp.yandex.net kiks.kinopoisk.ru kiks.yandex.ru awsync.kinopoisk.ru awsync.yandex.ru google.com vk.com *.facebook.com *.facebook.net *.yandex.net facebook.com syndication.twitter.com www.facebook.com platform.twitter.com st.yandexadexchange.net music.yandex.ru widgets.kinopoisk.ru www.youtube.com video.kinopoisk.ru quiz.kinopoisk.ru tickets.widget.tst.kinopoisk.ru tickets.widget.kinopoisk.ru; img-src 'self' data: www.kinopoisk.ru vk.com vkontakte.ru pbs.twimg.com platform.twitter.com syndication.twitter.com *.facebook.net *.facebook.com *.yandex.net google.com imeem.com samsung.com yandex.ru yandex.st yastatic.net yastatic.net st.kp.yandex.net st.kp.yandex.net avatars.mds.yandex.net storage.mds.yandex.net avatars.mds.yandex.net awaps.yandex.net www.tns-counter.ru ar.tns-counter.ru favicon.yandex.net ads.adfox.ru an.yandex.ru mc.yandex.ru st1.kp.yandex.net st2.kp.yandex.net st3.kp.yandex.net st4.kp.yandex.net st5.kp.yandex.net st6.kp.yandex.net st7.kp.yandex.net st8.kp.yandex.net awaps.yandex.ru *.twimg.com mc.kinopoisk.ru; manifest-src www.kinopoisk.ru yastatic.net betastatic.yandex.net betastatic.yastatic.net yastatic.net st.kp.yandex.net; media-src 'self'; object-src vimeo.com www.kinopoisk.ru st.kp.yandex.net st.kp.yandex.net vesti.ru; script-src 'self' www.kinopoisk.ru 'unsafe-inline' 'unsafe-eval' yandex.st auth.kinopoisk.ru yastatic.net yastatic.net st.kp.yandex.net st.kp.yandex.net *.facebook.net *.facebook.com *.yandex.net ajax.googleapis.com vk.com vkontakte.ru platform.twitter.com mc.yandex.ru ads.adfox.ru browser-updater.yandex.net an.yandex.ru cdn.syndication.twimg.com st1.kp.yandex.net st2.kp.yandex.net st3.kp.yandex.net st4.kp.yandex.net st5.kp.yandex.net st6.kp.yandex.net st7.kp.yandex.net st8.kp.yandex.net matchid.adfox.yandex.ru maps.googleapis.com; style-src 'self' 'unsafe-inline' www.kinopoisk.ru st.kp.yandex.net st.kp.yandex.net yastatic.net yastatic.net auth.kinopoisk.ru platform.twitter.com st1.kp.yandex.net st2.kp.yandex.net st3.kp.yandex.net st4.kp.yandex.net st5.kp.yandex.net st6.kp.yandex.net st7.kp.yandex.net st8.kp.yandex.net *.twimg.com; report-uri https://csp.yandex.net/csp?from=kinopoisk-old&yandex_login=&yandexuid=1000000001010011010", 'x-content-type-options': 'nosniff', 'transfer-encoding': 'chunked', 'set-cookie': 'PHPSESSID=rdcrl0tuvbh0r4bn888jj39fg0; path=/; domain=.kinopoisk.ru; secure; HttpOnly, user_country=ot; expires=Thu, 04-Oct-2018 11:18:14 GMT; Max-Age=3600; path=/; domain=.kinopoisk.ru; secure; httponly, yandex_gid=102567; path=/; domain=.kinopoisk.ru; secure; httponly, tc=1; expires=Fri, 05-Oct-2018 10:18:14 GMT; Max-Age=86400; path=/; domain=.kinopoisk.ru; secure; httponly, mobile=no; expires=Thu, 11-Oct-2018 10:18:14 GMT; Max-Age=604800; path=/; domain=.kinopoisk.ru, _csrf_csrf_token=NZ8cq1NgDeIIIhncRVzQFHZFSuHQae6svwaBTKDVdWY; path=/; secure; httponly, i=fU8nzbtI5AK22FrOoug8Rnr67CamBKobRtSRawgZeHcR4zaprZmk2daaAfDCnZg3yRZHo+JLPN4ryI35/T9R2fC2kww=; Expires=Sun, 01-Oct-2028 10:18:14 GMT; Domain=.kinopoisk.ru; Path=/; Secure; HttpOnly', 'expires': 'Thu, 19 Nov 1981 08:52:00 GMT', 'content-security-policy-report-only': "default-src 'none'; connect-src 'self' www.kinopoisk.ru bo.kinopoisk.ru *.facebook.net *.facebook.com *.yandex.net an.yandex.ru mobile.yandex.net static-mon.yandex.net widgets.kinopoisk.ru an.yandex.ru google.com mc.yandex.ru mc.yandex.by mc.yandex.ua mc.yandex.kz api.passport.yandex.ru yandex.ru ads.adfox.ru ott-widget.kinopoisk.ru logger.kp.yandex.net; font-src 'self' www.kinopoisk.ru yastatic.net yastatic.net st.kp.yandex.net st.kp.yandex.net st1.kp.yandex.net st2.kp.yandex.net st3.kp.yandex.net st4.kp.yandex.net st5.kp.yandex.net st6.kp.yandex.net st7.kp.yandex.net st8.kp.yandex.net; frame-src 'self' www.kinopoisk.ru auth.kinopoisk.ru yastatic.net betastatic.yandex.net betastatic.yastatic.net yastatic.net st.kp.yandex.net st.kp.yandex.net static.kp.yandex.net kiks.kinopoisk.ru kiks.yandex.ru awsync.kinopoisk.ru awsync.yandex.ru google.com vk.com *.facebook.com *.facebook.net *.yandex.net facebook.com syndication.twitter.com www.facebook.com platform.twitter.com st.yandexadexchange.net music.yandex.ru widgets.kinopoisk.ru www.youtube.com video.kinopoisk.ru quiz.kinopoisk.ru tickets.widget.tst.kinopoisk.ru tickets.widget.kinopoisk.ru; img-src 'self' data: www.kinopoisk.ru vk.com vkontakte.ru pbs.twimg.com platform.twitter.com syndication.twitter.com *.facebook.net *.facebook.com *.yandex.net google.com imeem.com samsung.com yandex.ru yandex.st yastatic.net yastatic.net st.kp.yandex.net st.kp.yandex.net avatars.mds.yandex.net storage.mds.yandex.net avatars.mds.yandex.net awaps.yandex.net www.tns-counter.ru ar.tns-counter.ru favicon.yandex.net ads.adfox.ru an.yandex.ru mc.yandex.ru st1.kp.yandex.net st2.kp.yandex.net st3.kp.yandex.net st4.kp.yandex.net st5.kp.yandex.net st6.kp.yandex.net st7.kp.yandex.net st8.kp.yandex.net awaps.yandex.ru *.twimg.com mc.kinopoisk.ru; manifest-src www.kinopoisk.ru yastatic.net betastatic.yandex.net betastatic.yastatic.net yastatic.net st.kp.yandex.net; media-src 'self'; object-src vimeo.com www.kinopoisk.ru st.kp.yandex.net st.kp.yandex.net vesti.ru; script-src 'self' www.kinopoisk.ru 'unsafe-inline' 'unsafe-eval' yandex.st auth.kinopoisk.ru yastatic.net yastatic.net st.kp.yandex.net st.kp.yandex.net *.facebook.net *.facebook.com *.yandex.net ajax.googleapis.com vk.com vkontakte.ru platform.twitter.com mc.yandex.ru ads.adfox.ru browser-updater.yandex.net an.yandex.ru cdn.syndication.twimg.com st1.kp.yandex.net st2.kp.yandex.net st3.kp.yandex.net st4.kp.yandex.net st5.kp.yandex.net st6.kp.yandex.net st7.kp.yandex.net st8.kp.yandex.net matchid.adfox.yandex.ru maps.googleapis.com; style-src 'self' 'unsafe-inline' www.kinopoisk.ru st.kp.yandex.net st.kp.yandex.net yastatic.net yastatic.net auth.kinopoisk.ru platform.twitter.com st1.kp.yandex.net st2.kp.yandex.net st3.kp.yandex.net st4.kp.yandex.net st5.kp.yandex.net st6.kp.yandex.net st7.kp.yandex.net st8.kp.yandex.net *.twimg.com; report-uri https://csp.yandex.net/csp?from=kinopoisk-old&yandex_login=&yandexuid=1000000001010011010", 'pragma': 'no-cache', 'cache-control': 'no-store, no-cache, must-revalidate, post-check=0, pre-check=0, no-cache, private', 'date': 'Thu, 04 Oct 2018 10:18:14 GMT', 'x-frame-options': 'SAMEORIGIN', 'content-type': 'text/html; charset=windows-1251'}, 'tags': [], 'tld': 'ru', 'last_final_url': 'https://www.kinopoisk.ru/film/395049/', 'last_analysis_results': {'CLEAN MX': {'method': 'blacklist', 'engine_name': 'CLEAN MX', 'category': 'harmless', 'result': 'clean'}, 'DNS8': {'method': 'blacklist', 'engine_name': 'DNS8', 'category': 'harmless', 'result': 'clean'}, 'VX Vault': {'method': 'blacklist', 'engine_name': 'VX Vault', 'category': 'harmless', 'result': 'clean'}, 'PhishLabs': {'method': 'blacklist', 'engine_name': 'PhishLabs', 'category': 'undetected', 'result': 'unrated'}, 'K7AntiVirus': {'method': 'blacklist', 'engine_name': 'K7AntiVirus', 'category': 'harmless', 'result': 'clean'}, 'Quttera': {'method': 'blacklist', 'engine_name': 'Quttera', 'category': 'harmless', 'result': 'clean'}, 'Lionic': {'method': 'blacklist', 'engine_name': 'Lionic', 'category': 'harmless', 'result': 'clean'}, 'MalwareDomainList': {'method': 'blacklist', 'engine_name': 'MalwareDomainList', 'category': 'harmless', 'result': 'clean'}, 'zvelo': {'method': 'blacklist', 'engine_name': 'zvelo', 'category': 'harmless', 'result': 'clean'}, 'Kaspersky': {'method': 'blacklist', 'engine_name': 'Kaspersky', 'category': 'harmless', 'result': 'clean'}, 'Certly': {'method': 'blacklist', 'engine_name': 'Certly', 'category': 'harmless', 'result': 'clean'}, 'OpenPhish': {'method': 'blacklist', 'engine_name': 'OpenPhish', 'category': 'harmless', 'result': 'clean'}, 'Malware Domain Blocklist': {'method': 'blacklist', 'engine_name': 'Malware Domain Blocklist', 'category': 'harmless', 'result': 'clean'}, 'Webutation': {'method': 'blacklist', 'engine_name': 'Webutation', 'category': 'harmless', 'result': 'clean'}, 'Web Security Guard': {'method': 'blacklist', 'engine_name': 'Web Security Guard', 'category': 'harmless', 'result': 'clean'}, 'desenmascara.me': {'method': 'blacklist', 'engine_name': 'desenmascara.me', 'category': 'harmless', 'result': 'clean'}, 'G-Data': {'method': 'blacklist', 'engine_name': 'G-Data', 'category': 'harmless', 'result': 'clean'}, 'Opera': {'method': 'blacklist', 'engine_name': 'Opera', 'category': 'harmless', 'result': 'clean'}, 'AlienVault': {'method': 'blacklist', 'engine_name': 'AlienVault', 'category': 'harmless', 'result': 'clean'}, 'Sophos': {'method': 'blacklist', 'engine_name': 'Sophos', 'category': 'undetected', 'result': 'unrated'}, 'Phishtank': {'method': 'blacklist', 'engine_name': 'Phishtank', 'category': 'harmless', 'result': 'clean'}, 'StopBadware': {'method': 'blacklist', 'engine_name': 'StopBadware', 'category': 'undetected', 'result': 'unrated'}, 'SecureBrain': {'method': 'blacklist', 'engine_name': 'SecureBrain', 'category': 'harmless', 'result': 'clean'}, 'Spam404': {'method': 'blacklist', 'engine_name': 'Spam404', 'category': 'harmless', 'result': 'clean'}, 'Sucuri SiteCheck': {'method': 'blacklist', 'engine_name': 'Sucuri SiteCheck', 'category': 'harmless', 'result': 'clean'}, 'Blueliv': {'method': 'blacklist', 'engine_name': 'Blueliv', 'category': 'harmless', 'result': 'clean'}, 'ZCloudsec': {'method': 'blacklist', 'engine_name': 'ZCloudsec', 'category': 'harmless', 'result': 'clean'}, 'Rising': {'method': 'blacklist', 'engine_name': 'Rising', 'category': 'harmless', 'result': 'clean'}, 'Fortinet': {'method': 'blacklist', 'engine_name': 'Fortinet', 'category': 'harmless', 'result': 'clean'}, 'ZeroCERT': {'method': 'blacklist', 'engine_name': 'ZeroCERT', 'category': 'harmless', 'result': 'clean'}, 'MalwarePatrol': {'method': 'blacklist', 'engine_name': 'MalwarePatrol', 'category': 'harmless', 'result': 'clean'}, 'ZDB Zeus': {'method': 'blacklist', 'engine_name': 'ZDB Zeus', 'category': 'harmless', 'result': 'clean'}, 'Netcraft': {'method': 'blacklist', 'engine_name': 'Netcraft', 'category': 'undetected', 'result': 'unrated'}, 'Zerofox': {'method': 'blacklist', 'engine_name': 'Zerofox', 'category': 'harmless', 'result': 'clean'}, 'Virusdie External Site Scan': {'method': 'blacklist', 'engine_name': 'Virusdie External Site Scan', 'category': 'harmless', 'result': 'clean'}, 'Malwared': {'method': 'blacklist', 'engine_name': 'Malwared', 'category': 'harmless', 'result': 'clean'}, 'ZeusTracker': {'method': 'blacklist', 'engine_name': 'ZeusTracker', 'category': 'harmless', 'result': 'clean'}, 'Malwarebytes hpHosts': {'method': 'blacklist', 'engine_name': 'Malwarebytes hpHosts', 'category': 'harmless', 'result': 'clean'}, 'Google Safebrowsing': {'method': 'blacklist', 'engine_name': 'Google Safebrowsing', 'category': 'harmless', 'result': 'clean'}, 'BitDefender': {'method': 'blacklist', 'engine_name': 'BitDefender', 'category': 'harmless', 'result': 'clean'}, 'ADMINUSLabs': {'method': 'blacklist', 'engine_name': 'ADMINUSLabs', 'category': 'harmless', 'result': 'clean'}, 'C-SIRT': {'method': 'blacklist', 'engine_name': 'C-SIRT', 'category': 'harmless', 'result': 'clean'}, 'CyberCrime': {'method': 'blacklist', 'engine_name': 'CyberCrime', 'category': 'harmless', 'result': 'clean'}, 'AutoShun': {'method': 'blacklist', 'engine_name': 'AutoShun', 'category': 'undetected', 'result': 'unrated'}, 'Trustwave': {'method': 'blacklist', 'engine_name': 'Trustwave', 'category': 'harmless', 'result': 'clean'}, 'CyRadar': {'method': 'blacklist', 'engine_name': 'CyRadar', 'category': 'harmless', 'result': 'clean'}, 'SCUMWARE.org': {'method': 'blacklist', 'engine_name': 'SCUMWARE.org', 'category': 'harmless', 'result': 'clean'}, 'Dr.Web': {'method': 'blacklist', 'engine_name': 'Dr.Web', 'category': 'harmless', 'result': 'clean'}, 'Emsisoft': {'method': 'blacklist', 'engine_name': 'Emsisoft', 'category': 'harmless', 'result': 'clean'}, 'Malc0de Database': {'method': 'blacklist', 'engine_name': 'Malc0de Database', 'category': 'harmless', 'result': 'clean'}, 'malwares.com URL checker': {'method': 'blacklist', 'engine_name': 'malwares.com URL checker', 'category': 'harmless', 'result': 'clean'}, 'Avira': {'method': 'blacklist', 'engine_name': 'Avira', 'category': 'harmless', 'result': 'clean'}, 'NotMining': {'method': 'blacklist', 'engine_name': 'NotMining', 'category': 'undetected', 'result': 'unrated'}, 'securolytics': {'method': 'blacklist', 'engine_name': 'securolytics', 'category': 'harmless', 'result': 'clean'}, 'Antiy-AVL': {'method': 'blacklist', 'engine_name': 'Antiy-AVL', 'category': 'harmless', 'result': 'clean'}, 'Forcepoint ThreatSeeker': {'method': 'blacklist', 'engine_name': 'Forcepoint ThreatSeeker', 'category': 'harmless', 'result': 'clean'}, 'FraudSense': {'method': 'blacklist', 'engine_name': 'FraudSense', 'category': 'harmless', 'result': 'clean'}, 'Comodo Site Inspector': {'method': 'blacklist', 'engine_name': 'Comodo Site Inspector', 'category': 'harmless', 'result': 'clean'}, 'Malekal': {'method': 'blacklist', 'engine_name': 'Malekal', 'category': 'harmless', 'result': 'clean'}, 'ESET': {'method': 'blacklist', 'engine_name': 'ESET', 'category': 'harmless', 'result': 'clean'}, 'Yandex Safebrowsing': {'method': 'blacklist', 'engine_name': 'Yandex Safebrowsing', 'category': 'harmless', 'result': 'clean'}, 'Nucleon': {'method': 'blacklist', 'engine_name': 'Nucleon', 'category': 'harmless', 'result': 'clean'}, 'ThreatHive': {'method': 'blacklist', 'engine_name': 'ThreatHive', 'category': 'harmless', 'result': 'clean'}, 'FraudScore': {'method': 'blacklist', 'engine_name': 'FraudScore', 'category': 'harmless', 'result': 'clean'}, 'Tencent': {'method': 'blacklist', 'engine_name': 'Tencent', 'category': 'harmless', 'result': 'clean'}, 'URLQuery': {'method': 'blacklist', 'engine_name': 'URLQuery', 'category': 'undetected', 'result': 'unrated'}, 'Baidu-International': {'method': 'blacklist', 'engine_name': 'Baidu-International', 'category': 'harmless', 'result': 'clean'}}, 'times_submitted': 1, 'categories': {'BitDefender': 'entertainment', 'Forcepoint ThreatSeeker': 'entertainment'}, 'last_submission_date': 1538648293}}}}
2025-12-01 01:34:59,849 - app.logger - INFO - [VirusTotal] Raw stats: malicious=0 suspicious=0 undetected=7 harmless=60 total=67 ratio=0/67 (results=0)
2025-12-01 01:34:59,849 - app.logger - INFO - [VirusTotal] Parsed result (conservative): {'safe': True, 'threat_type': None, 'details': 'Проверено 67 антивирусами, угроз не обнаружено', 'external_scan': 'virustotal', 'confidence': 90, 'detection_ratio': '0/67', 'raw_data': {'malicious_detections': 0, 'suspicious_detections': 0, 'undetected': 7, 'harmless': 60, 'total_engines': 67, 'undetected_ratio': 0.1044776119402985, 'harmless_ratio': 0.8955223880597015, 'is_young': False}}
2025-12-01 01:34:59,850 - app.logger - INFO - 🔍 VirusTotal parsed result: {'safe': True, 'threat_type': None, 'details': 'Проверено 67 антивирусами, угроз не обнаружено', 'external_scan': 'virustotal', 'confidence': 90, 'detection_ratio': '0/67', 'raw_data': {'malicious_detections': 0, 'suspicious_detections': 0, 'undetected': 7, 'harmless': 60, 'total_engines': 67, 'undetected_ratio': 0.1044776119402985, 'harmless_ratio': 0.8955223880597015, 'is_young': False}}
2025-12-01 01:34:59,850 - app.logger - INFO - At least one API returned safe=True (safe_count=1, enabled=2, total_checks=1), treating as safe
2025-12-01 01:34:59,850 - app.logger - INFO - 🔍 Final external API result for https://www.kinopoisk.ru/film/395049/: safe=True, threat_type=None, details=All external scans clean
2025-12-01 01:34:59,850 - app.logger - INFO - 🔍 External API result: safe=True, threat_type=None
2025-12-01 01:34:59,850 - app.logger - INFO - ✅ External APIs found https://www.kinopoisk.ru/film/395049/ to be safe
2025-12-01 01:34:59,851 - app.logger - INFO - Not all external APIs returned results for https://www.kinopoisk.ru/film/395049/, but at least one returned safe=True, treating as safe
2025-12-01 01:34:59,854 - app.logger - INFO - [WS] URL analysis completed for https://www.kinopoisk.ru/film/395049/: safe=True, source=combined
2025-12-01 01:34:59,854 - app.logger - INFO - [WS] Sent analysis_result for https://www.kinopoisk.ru/film/395049/ to client 7c458c2c-a68e-41c0-ab8f-90f8504d512c
2025-12-01 01:35:02,894 - app.logger - INFO - [WS] Starting URL analysis for: https://www.youtube.com/channel/UCplCburv_aHOr99wUKcOKVg (context: hover)
2025-12-01 01:35:02,895 - app.logger - INFO - 🔍 Analyzing URL: https://www.youtube.com/channel/UCplCburv_aHOr99wUKcOKVg (ignore_db=False)
2025-12-01 01:35:02,897 - app.logger - INFO - ✅ Trusted domain detected: www.youtube.com - marking as safe immediately
2025-12-01 01:35:02,903 - app.logger - INFO - [WS] URL analysis completed for https://www.youtube.com/channel/UCplCburv_aHOr99wUKcOKVg: safe=True, source=trusted_domain
2025-12-01 01:35:02,903 - app.logger - INFO - [WS] Sent analysis_result for https://www.youtube.com/channel/UCplCburv_aHOr99wUKcOKVg to client 7c458c2c-a68e-41c0-ab8f-90f8504d512c
2025-12-01 01:35:05,112 - app.logger - INFO - [WS] Starting URL analysis for: https://ru.wiktionary.org/wiki/%D0%BA%D1%83-%D0%BA%D1%83 (context: hover)
2025-12-01 01:35:05,112 - app.logger - INFO - 🔍 Analyzing URL: https://ru.wiktionary.org/wiki/%D0%BA%D1%83-%D0%BA%D1%83 (ignore_db=False)
2025-12-01 01:35:05,115 - app.logger - INFO - 🔍 Checking external APIs for: https://ru.wiktionary.org/wiki/%D0%BA%D1%83-%D0%BA%D1%83
2025-12-01 01:35:06,125 - app.logger - ERROR - API error 404: {"error": {"code": "NotFoundError", "message": "URL \"aHR0cHM6Ly9ydS53aWt0aW9uYXJ5Lm9yZy93aWtpLyVEMCVCQSVEMSU4My0lRDAlQkElRDElODM\" not found"}}
2025-12-01 01:35:06,126 - app.logger - INFO - URL not found in VirusTotal database, submitting for analysis: https://ru.wiktionary.org/wiki/%D0%BA%D1%83-%D0%BA%D1%83
2025-12-01 01:35:06,448 - app.logger - INFO - URL submitted for analysis, ID: u-541ec4418a1701c9d3bc749d654cca97ba37878f9b68861588317c6b73e8490f-3bc86d8c
2025-12-01 01:35:06,691 - app.logger - INFO - VirusTotal analysis status (u-541ec4418a1701c9d3bc749d654cca97ba37878f9b68861588317c6b73e8490f-3bc86d8c): queued (attempt 1/5)
2025-12-01 01:35:08,423 - app.logger - INFO - VirusTotal analysis status (u-541ec4418a1701c9d3bc749d654cca97ba37878f9b68861588317c6b73e8490f-3bc86d8c): queued (attempt 2/5)
2025-12-01 01:35:11,705 - app.logger - INFO - VirusTotal analysis status (u-541ec4418a1701c9d3bc749d654cca97ba37878f9b68861588317c6b73e8490f-3bc86d8c): queued (attempt 3/5)
2025-12-01 01:35:13,117 - app.logger - ERROR - External API check timed out for https://ru.wiktionary.org/wiki/%D0%BA%D1%83-%D0%BA%D1%83
2025-12-01 01:35:13,117 - app.logger - WARNING - External APIs did not return result for https://ru.wiktionary.org/wiki/%D0%BA%D1%83-%D0%BA%D1%83, using heuristic analysis
2025-12-01 01:35:13,121 - app.logger - INFO - [WS] URL analysis completed for https://ru.wiktionary.org/wiki/%D0%BA%D1%83-%D0%BA%D1%83: safe=True, source=heuristic
2025-12-01 01:35:13,121 - app.logger - INFO - [WS] Sent analysis_result for https://ru.wiktionary.org/wiki/%D0%BA%D1%83-%D0%BA%D1%83 to client 7c458c2c-a68e-41c0-ab8f-90f8504d512c
2025-12-01 01:35:22,677 - app.logger - INFO - [WS] Starting URL analysis for: https://www.youtube.com/watch?v=YzvyQCXhTXQ (context: hover)
2025-12-01 01:35:22,677 - app.logger - INFO - 🔍 Analyzing URL: https://www.youtube.com/watch?v=YzvyQCXhTXQ (ignore_db=False)
2025-12-01 01:35:22,680 - app.logger - INFO - ✅ Trusted domain detected: www.youtube.com - marking as safe immediately
2025-12-01 01:35:22,684 - app.logger - INFO - [WS] URL analysis completed for https://www.youtube.com/watch?v=YzvyQCXhTXQ: safe=True, source=trusted_domain
2025-12-01 01:35:22,684 - app.logger - INFO - [WS] Sent analysis_result for https://www.youtube.com/watch?v=YzvyQCXhTXQ to client 7c458c2c-a68e-41c0-ab8f-90f8504d512c
2025-12-01 01:35:27,735 - app.logger - INFO - [WS] Starting URL analysis for: https://www.kinopoisk.ru/series/708482/ (context: hover)
2025-12-01 01:35:27,736 - app.logger - INFO - 🔍 Analyzing URL: https://www.kinopoisk.ru/series/708482/ (ignore_db=False)
2025-12-01 01:35:27,739 - app.logger - INFO - 🔍 Checking external APIs for: https://www.kinopoisk.ru/series/708482/
2025-12-01 01:35:28,054 - app.logger - ERROR - API error 404: {"error": {"code": "NotFoundError", "message": "URL \"aHR0cHM6Ly93d3cua2lub3BvaXNrLnJ1L3Nlcmllcy83MDg0ODIv\" not found"}}
2025-12-01 01:35:28,054 - app.logger - INFO - URL not found in VirusTotal database, submitting for analysis: https://www.kinopoisk.ru/series/708482/
2025-12-01 01:35:28,320 - app.logger - INFO - URL submitted for analysis, ID: u-64a4c506a561adbcdc48c1585ac52078c416af12cd0f2fa6ff1517f3a2bb87c3-68dd1770
2025-12-01 01:35:28,557 - app.logger - INFO - VirusTotal analysis status (u-64a4c506a561adbcdc48c1585ac52078c416af12cd0f2fa6ff1517f3a2bb87c3-68dd1770): queued (attempt 1/5)
2025-12-01 01:35:30,304 - app.logger - INFO - VirusTotal analysis status (u-64a4c506a561adbcdc48c1585ac52078c416af12cd0f2fa6ff1517f3a2bb87c3-68dd1770): queued (attempt 2/5)
2025-12-01 01:35:33,526 - app.logger - INFO - VirusTotal analysis status (u-64a4c506a561adbcdc48c1585ac52078c416af12cd0f2fa6ff1517f3a2bb87c3-68dd1770): queued (attempt 3/5)
2025-12-01 01:35:35,740 - app.logger - ERROR - External API check timed out for https://www.kinopoisk.ru/series/708482/
2025-12-01 01:35:35,741 - app.logger - WARNING - External APIs did not return result for https://www.kinopoisk.ru/series/708482/, using heuristic analysis
2025-12-01 01:35:35,745 - app.logger - INFO - [WS] URL analysis completed for https://www.kinopoisk.ru/series/708482/: safe=True, source=heuristic
2025-12-01 01:35:35,745 - app.logger - INFO - [WS] Sent analysis_result for https://www.kinopoisk.ru/series/708482/ to client 7c458c2c-a68e-41c0-ab8f-90f8504d512c
2025-12-01 01:35:35,746 - app.logger - INFO - [WS] Starting URL analysis for: https://www.kinopoisk.ru/series/708482/ (context: hover)
2025-12-01 01:35:35,746 - app.logger - INFO - 🔍 Analyzing URL: https://www.kinopoisk.ru/series/708482/ (ignore_db=False)
2025-12-01 01:35:35,746 - app.logger - WARNING - Ignoring cached safe=True result with source=heuristic for url:https://www.kinopoisk.ru/series/708482/
2025-12-01 01:35:35,751 - app.logger - INFO - 🔍 Checking external APIs for: https://www.kinopoisk.ru/series/708482/
2025-12-01 01:35:36,455 - app.logger - INFO - Found URL in VirusTotal database: https://www.kinopoisk.ru/series/708482/
2025-12-01 01:35:36,456 - app.logger - INFO - 🔍 Combining external results for https://www.kinopoisk.ru/series/708482/: {'virustotal': {'data': {'id': '64a4c506a561adbcdc48c1585ac52078c416af12cd0f2fa6ff1517f3a2bb87c3', 'type': 'url', 'links': {'self': 'https://www.virustotal.com/api/v3/urls/64a4c506a561adbcdc48c1585ac52078c416af12cd0f2fa6ff1517f3a2bb87c3'}, 'attributes': {'reputation': 0, 'last_submission_date': 1764542128, 'last_analysis_results': {}, 'last_final_url': 'https://www.kinopoisk.ru/series/708482/', 'first_submission_date': 1764542128, 'url': 'https://www.kinopoisk.ru/series/708482/', 'times_submitted': 1, 'tld': 'ru', 'total_votes': {'harmless': 0, 'malicious': 0}, 'last_modification_date': 1764542130, 'threat_names': [], 'categories': {}, 'tags': [], 'last_analysis_stats': {'malicious': 0, 'suspicious': 0, 'undetected': 0, 'harmless': 0, 'timeout': 0}}}}}
2025-12-01 01:35:36,456 - app.logger - INFO - [VirusTotal] Raw stats: malicious=0 suspicious=0 undetected=0 harmless=0 total=0 ratio=0/0 (results=0)
2025-12-01 01:35:36,456 - app.logger - WARNING - [VirusTotal] No analysis stats available for result: {'data': {'id': '64a4c506a561adbcdc48c1585ac52078c416af12cd0f2fa6ff1517f3a2bb87c3', 'type': 'url', 'links': {'self': 'https://www.virustotal.com/api/v3/urls/64a4c506a561adbcdc48c1585ac52078c416af12cd0f2fa6ff1517f3a2bb87c3'}, 'attributes': {'reputation': 0, 'last_submission_date': 1764542128, 'last_analysis_results': {}, 'last_final_url': 'https://www.kinopoisk.ru/series/708482/', 'first_submission_date': 1764542128, 'url': 'https://www.kinopoisk.ru/series/708482/', 'times_submitted': 1, 'tld': 'ru', 'total_votes': {'harmless': 0, 'malicious': 0}, 'last_modification_date': 1764542130, 'threat_names': [], 'categories': {}, 'tags': [], 'last_analysis_stats': {'malicious': 0, 'suspicious': 0, 'undetected': 0, 'harmless': 0, 'timeout': 0}}}}, returning None for heuristic fallback
2025-12-01 01:35:36,456 - app.logger - INFO - 🔍 VirusTotal parsed result: {'safe': None, 'threat_type': None, 'details': 'VirusTotal: No analysis data available', 'external_scan': 'virustotal', 'confidence': 0, 'detection_ratio': '0/0'}
2025-12-01 01:35:36,457 - app.logger - INFO - No results from APIs - returning None for heuristic fallback
2025-12-01 01:35:36,457 - app.logger - INFO - 🔍 Final external API result for https://www.kinopoisk.ru/series/708482/: safe=None, threat_type=None, details=Unable to determine safety
2025-12-01 01:35:36,457 - app.logger - INFO - 🔍 External API result: safe=None, threat_type=None
2025-12-01 01:35:36,457 - app.logger - WARNING - ⚠️ External APIs returned unclear result for https://www.kinopoisk.ru/series/708482/: safe=None
2025-12-01 01:35:36,457 - app.logger - WARNING - External APIs returned None for https://www.kinopoisk.ru/series/708482/, using heuristic analysis
2025-12-01 01:35:36,461 - app.logger - INFO - [WS] URL analysis completed for https://www.kinopoisk.ru/series/708482/: safe=True, source=heuristic
2025-12-01 01:35:36,462 - app.logger - INFO - [WS] Sent analysis_result for https://www.kinopoisk.ru/series/708482/ to client 7c458c2c-a68e-41c0-ab8f-90f8504d512c
2025-12-01 01:35:36,462 - app.logger - INFO - [WS] Starting URL analysis for: https://www.kinopoisk.ru/series/708482/ (context: hover)
2025-12-01 01:35:36,462 - app.logger - INFO - 🔍 Analyzing URL: https://www.kinopoisk.ru/series/708482/ (ignore_db=False)
2025-12-01 01:35:36,462 - app.logger - WARNING - Ignoring cached safe=True result with source=heuristic for url:https://www.kinopoisk.ru/series/708482/
2025-12-01 01:35:36,468 - app.logger - INFO - 🔍 Checking external APIs for: https://www.kinopoisk.ru/series/708482/
2025-12-01 01:35:36,756 - app.logger - INFO - Found URL in VirusTotal database: https://www.kinopoisk.ru/series/708482/
2025-12-01 01:35:36,757 - app.logger - INFO - 🔍 Combining external results for https://www.kinopoisk.ru/series/708482/: {'virustotal': {'data': {'id': '64a4c506a561adbcdc48c1585ac52078c416af12cd0f2fa6ff1517f3a2bb87c3', 'type': 'url', 'links': {'self': 'https://www.virustotal.com/api/v3/urls/64a4c506a561adbcdc48c1585ac52078c416af12cd0f2fa6ff1517f3a2bb87c3'}, 'attributes': {'tld': 'ru', 'last_submission_date': 1764542128, 'url': 'https://www.kinopoisk.ru/series/708482/', 'tags': [], 'categories': {}, 'threat_names': [], 'last_analysis_stats': {'malicious': 0, 'suspicious': 0, 'undetected': 0, 'harmless': 0, 'timeout': 0}, 'last_analysis_results': {}, 'reputation': 0, 'times_submitted': 1, 'last_final_url': 'https://www.kinopoisk.ru/series/708482/', 'first_submission_date': 1764542128, 'total_votes': {'harmless': 0, 'malicious': 0}, 'last_modification_date': 1764542130}}}}
2025-12-01 01:35:36,757 - app.logger - INFO - [VirusTotal] Raw stats: malicious=0 suspicious=0 undetected=0 harmless=0 total=0 ratio=0/0 (results=0)
2025-12-01 01:35:36,757 - app.logger - WARNING - [VirusTotal] No analysis stats available for result: {'data': {'id': '64a4c506a561adbcdc48c1585ac52078c416af12cd0f2fa6ff1517f3a2bb87c3', 'type': 'url', 'links': {'self': 'https://www.virustotal.com/api/v3/urls/64a4c506a561adbcdc48c1585ac52078c416af12cd0f2fa6ff1517f3a2bb87c3'}, 'attributes': {'tld': 'ru', 'last_submission_date': 1764542128, 'url': 'https://www.kinopoisk.ru/series/708482/', 'tags': [], 'categories': {}, 'threat_names': [], 'last_analysis_stats': {'malicious': 0, 'suspicious': 0, 'undetected': 0, 'harmless': 0, 'timeout': 0}, 'last_analysis_results': {}, 'reputation': 0, 'times_submitted': 1, 'last_final_url': 'https://www.kinopoisk.ru/series/708482/', 'first_submission_date': 1764542128, 'total_votes': {'harmless': 0, 'malicious': 0}, 'last_modification_date': 1764542130}}}, returning None for heuristic fallback
2025-12-01 01:35:36,757 - app.logger - INFO - 🔍 VirusTotal parsed result: {'safe': None, 'threat_type': None, 'details': 'VirusTotal: No analysis data available', 'external_scan': 'virustotal', 'confidence': 0, 'detection_ratio': '0/0'}
2025-12-01 01:35:36,757 - app.logger - INFO - No results from APIs - returning None for heuristic fallback
2025-12-01 01:35:36,757 - app.logger - INFO - 🔍 Final external API result for https://www.kinopoisk.ru/series/708482/: safe=None, threat_type=None, details=Unable to determine safety
2025-12-01 01:35:36,758 - app.logger - INFO - 🔍 External API result: safe=None, threat_type=None
2025-12-01 01:35:36,758 - app.logger - WARNING - ⚠️ External APIs returned unclear result for https://www.kinopoisk.ru/series/708482/: safe=None
2025-12-01 01:35:36,758 - app.logger - WARNING - External APIs returned None for https://www.kinopoisk.ru/series/708482/, using heuristic analysis
2025-12-01 01:35:36,762 - app.logger - INFO - [WS] URL analysis completed for https://www.kinopoisk.ru/series/708482/: safe=True, source=heuristic
2025-12-01 01:35:36,763 - app.logger - INFO - [WS] Sent analysis_result for https://www.kinopoisk.ru/series/708482/ to client 7c458c2c-a68e-41c0-ab8f-90f8504d512c
2025-12-01 01:35:36,763 - app.logger - INFO - [WS] Starting URL analysis for: https://www.kinopoisk.ru/series/708482/ (context: hover)
2025-12-01 01:35:36,763 - app.logger - INFO - 🔍 Analyzing URL: https://www.kinopoisk.ru/series/708482/ (ignore_db=False)
2025-12-01 01:35:36,763 - app.logger - WARNING - Ignoring cached safe=True result with source=heuristic for url:https://www.kinopoisk.ru/series/708482/
2025-12-01 01:35:36,769 - app.logger - INFO - 🔍 Checking external APIs for: https://www.kinopoisk.ru/series/708482/
2025-12-01 01:35:37,050 - app.logger - INFO - Found URL in VirusTotal database: https://www.kinopoisk.ru/series/708482/
2025-12-01 01:35:37,050 - app.logger - INFO - 🔍 Combining external results for https://www.kinopoisk.ru/series/708482/: {'virustotal': {'data': {'id': '64a4c506a561adbcdc48c1585ac52078c416af12cd0f2fa6ff1517f3a2bb87c3', 'type': 'url', 'links': {'self': 'https://www.virustotal.com/api/v3/urls/64a4c506a561adbcdc48c1585ac52078c416af12cd0f2fa6ff1517f3a2bb87c3'}, 'attributes': {'times_submitted': 1, 'reputation': 0, 'total_votes': {'harmless': 0, 'malicious': 0}, 'first_submission_date': 1764542128, 'last_analysis_results': {}, 'last_submission_date': 1764542128, 'last_analysis_stats': {'malicious': 0, 'suspicious': 0, 'undetected': 0, 'harmless': 0, 'timeout': 0}, 'threat_names': [], 'last_modification_date': 1764542130, 'url': 'https://www.kinopoisk.ru/series/708482/', 'last_final_url': 'https://www.kinopoisk.ru/series/708482/', 'categories': {}, 'tags': [], 'tld': 'ru'}}}}
2025-12-01 01:35:37,051 - app.logger - INFO - [VirusTotal] Raw stats: malicious=0 suspicious=0 undetected=0 harmless=0 total=0 ratio=0/0 (results=0)
2025-12-01 01:35:37,051 - app.logger - WARNING - [VirusTotal] No analysis stats available for result: {'data': {'id': '64a4c506a561adbcdc48c1585ac52078c416af12cd0f2fa6ff1517f3a2bb87c3', 'type': 'url', 'links': {'self': 'https://www.virustotal.com/api/v3/urls/64a4c506a561adbcdc48c1585ac52078c416af12cd0f2fa6ff1517f3a2bb87c3'}, 'attributes': {'times_submitted': 1, 'reputation': 0, 'total_votes': {'harmless': 0, 'malicious': 0}, 'first_submission_date': 1764542128, 'last_analysis_results': {}, 'last_submission_date': 1764542128, 'last_analysis_stats': {'malicious': 0, 'suspicious': 0, 'undetected': 0, 'harmless': 0, 'timeout': 0}, 'threat_names': [], 'last_modification_date': 1764542130, 'url': 'https://www.kinopoisk.ru/series/708482/', 'last_final_url': 'https://www.kinopoisk.ru/series/708482/', 'categories': {}, 'tags': [], 'tld': 'ru'}}}, returning None for heuristic fallback
2025-12-01 01:35:37,051 - app.logger - INFO - 🔍 VirusTotal parsed result: {'safe': None, 'threat_type': None, 'details': 'VirusTotal: No analysis data available', 'external_scan': 'virustotal', 'confidence': 0, 'detection_ratio': '0/0'}
2025-12-01 01:35:37,051 - app.logger - INFO - No results from APIs - returning None for heuristic fallback
2025-12-01 01:35:37,051 - app.logger - INFO - 🔍 Final external API result for https://www.kinopoisk.ru/series/708482/: safe=None, threat_type=None, details=Unable to determine safety
2025-12-01 01:35:37,051 - app.logger - INFO - 🔍 External API result: safe=None, threat_type=None
2025-12-01 01:35:37,052 - app.logger - WARNING - ⚠️ External APIs returned unclear result for https://www.kinopoisk.ru/series/708482/: safe=None
2025-12-01 01:35:37,052 - app.logger - WARNING - External APIs returned None for https://www.kinopoisk.ru/series/708482/, using heuristic analysis
2025-12-01 01:35:37,055 - app.logger - INFO - [WS] URL analysis completed for https://www.kinopoisk.ru/series/708482/: safe=True, source=heuristic
2025-12-01 01:35:37,056 - app.logger - INFO - [WS] Sent analysis_result for https://www.kinopoisk.ru/series/708482/ to client 7c458c2c-a68e-41c0-ab8f-90f8504d512c
2025-12-01 01:35:37,275 - app.logger - INFO - [WS] Starting URL analysis for: https://www.youtube.com/watch?v=8GFH2KP9XwQ (context: hover)
2025-12-01 01:35:37,275 - app.logger - INFO - 🔍 Analyzing URL: https://www.youtube.com/watch?v=8GFH2KP9XwQ (ignore_db=False)
2025-12-01 01:35:37,277 - app.logger - INFO - ✅ Trusted domain detected: www.youtube.com - marking as safe immediately
2025-12-01 01:35:37,280 - app.logger - INFO - [WS] URL analysis completed for https://www.youtube.com/watch?v=8GFH2KP9XwQ: safe=True, source=trusted_domain
2025-12-01 01:35:37,281 - app.logger - INFO - [WS] Sent analysis_result for https://www.youtube.com/watch?v=8GFH2KP9XwQ to client 7c458c2c-a68e-41c0-ab8f-90f8504d512c
2025-12-01 01:35:37,682 - app.logger - INFO - [WS] Starting URL analysis for: https://www.youtube.com/watch?v=4xOf0UcgJy8 (context: hover)
2025-12-01 01:35:37,682 - app.logger - INFO - 🔍 Analyzing URL: https://www.youtube.com/watch?v=4xOf0UcgJy8 (ignore_db=False)
2025-12-01 01:35:37,684 - app.logger - INFO - ✅ Trusted domain detected: www.youtube.com - marking as safe immediately
2025-12-01 01:35:37,688 - app.logger - INFO - [WS] URL analysis completed for https://www.youtube.com/watch?v=4xOf0UcgJy8: safe=True, source=trusted_domain
2025-12-01 01:35:37,688 - app.logger - INFO - [WS] Sent analysis_result for https://www.youtube.com/watch?v=4xOf0UcgJy8 to client 7c458c2c-a68e-41c0-ab8f-90f8504d512c
2025-12-01 01:35:39,595 - app.logger - INFO - [WS] Starting URL analysis for: https://www.youtube.com/watch?v=gnssTdpaUbY (context: hover)
2025-12-01 01:35:39,595 - app.logger - INFO - 🔍 Analyzing URL: https://www.youtube.com/watch?v=gnssTdpaUbY (ignore_db=False)
2025-12-01 01:35:39,597 - app.logger - INFO - ✅ Trusted domain detected: www.youtube.com - marking as safe immediately
2025-12-01 01:35:39,600 - app.logger - INFO - [WS] URL analysis completed for https://www.youtube.com/watch?v=gnssTdpaUbY: safe=True, source=trusted_domain
2025-12-01 01:35:39,601 - app.logger - INFO - [WS] Sent analysis_result for https://www.youtube.com/watch?v=gnssTdpaUbY to client 7c458c2c-a68e-41c0-ab8f-90f8504d512c
2025-12-01 01:35:40,860 - app.logger - INFO - [WS] Starting URL analysis for: https://ru.wikipedia.org/wiki/%D0%9A%D1%83%D0%BA%D0%B0_(%D1%84%D0%B8%D0%BB%D1%8C%D0%BC) (context: hover)
2025-12-01 01:35:40,860 - app.logger - INFO - 🔍 Analyzing URL: https://ru.wikipedia.org/wiki/%D0%9A%D1%83%D0%BA%D0%B0_(%D1%84%D0%B8%D0%BB%D1%8C%D0%BC) (ignore_db=False)
2025-12-01 01:35:40,862 - app.logger - INFO - ✅ Trusted domain detected: ru.wikipedia.org - marking as safe immediately
2025-12-01 01:35:40,865 - app.logger - INFO - [WS] URL analysis completed for https://ru.wikipedia.org/wiki/%D0%9A%D1%83%D0%BA%D0%B0_(%D1%84%D0%B8%D0%BB%D1%8C%D0%BC): safe=True, source=trusted_domain
2025-12-01 01:35:40,866 - app.logger - INFO - [WS] Sent analysis_result for https://ru.wikipedia.org/wiki/%D0%9A%D1%83%D0%BA%D0%B0_(%D1%84%D0%B8%D0%BB%D1%8C%D0%BC) to client 7c458c2c-a68e-41c0-ab8f-90f8504d512c
2025-12-01 02:24:22,634 - app.logger - INFO - [WS] Client disconnected gracefully: 7c458c2c-a68e-41c0-ab8f-90f8504d512c
2025-12-01 02:24:22,634 - app.logger - INFO - [WS] Client disconnected: id=7c458c2c-a68e-41c0-ab8f-90f8504d512c, reason=cleanup
2025-12-01 05:06:24,793 - app.logger - WARNING - Blocked suspicious path: /.env
2025-12-01 05:06:26,765 - app.logger - WARNING - Blocked suspicious path: /.env.example
2025-12-01 05:06:28,658 - app.logger - WARNING - Blocked suspicious path: /.env.local
2025-12-01 05:06:29,220 - app.logger - WARNING - Blocked suspicious path: /config.js
2025-12-01 05:06:31,622 - app.logger - WARNING - Blocked suspicious path: /.env.json
2025-12-01 05:06:34,189 - app.logger - WARNING - Blocked suspicious path: /.env.development
2025-12-01 05:35:05,600 - app.logger - WARNING - Blocked suspicious path: /.env
2025-12-01 09:48:22,666 - app.logger - INFO - [WS] WebSocket connection attempt from 91.238.89.66
2025-12-01 09:48:22,666 - app.logger - INFO - [WS] WebSocket connection accepted from 91.238.89.66
2025-12-01 09:48:22,675 - app.logger - INFO - [WS] Client connected: id=ff9c7341-84d6-4620-ada2-5dbd0192d1b3, ip=91.238.89.66
2025-12-01 09:58:13,799 - app.logger - INFO - [WS] Starting URL analysis for: https://www.google.com/search?q=%D1%84%D0%B5%D0%B9%D1%81%D0%B1%D1%83%D0%BA&sca_esv=edc10655191454d0&sxsrf=AE3TifPAh_TW69LV2c_lms2avv4TMtQWTw:1764531960800&ei=-J4saanMMOia1fIPwMLXIQ&start=60&sa=N&sstk=Af77f_ciSIoiQuE5GOjkcqocXfTnT16J8Mx8UaJ_BXWMoXphMycOaJgnXEjTJjfoCpAjNSP_VGPklbOsjYqfbZs-U2srgpVWmcwkspEYB8_7IruUbftTtBeGnJ-2OmXD7x1L&ved=2ahUKEwipqN_l0ZqRAxVoTVUIHUDhNQQ4HhDy0wN6BAgJEA8&biw=1920&bih=1032&dpr=1 (context: popup)
2025-12-01 09:58:13,800 - app.logger - INFO - 🔍 Analyzing URL: https://www.google.com/search?q=%D1%84%D0%B5%D0%B9%D1%81%D0%B1%D1%83%D0%BA&sca_esv=edc10655191454d0&sxsrf=AE3TifPAh_TW69LV2c_lms2avv4TMtQWTw:1764531960800&ei=-J4saanMMOia1fIPwMLXIQ&start=60&sa=N&sstk=Af77f_ciSIoiQuE5GOjkcqocXfTnT16J8Mx8UaJ_BXWMoXphMycOaJgnXEjTJjfoCpAjNSP_VGPklbOsjYqfbZs-U2srgpVWmcwkspEYB8_7IruUbftTtBeGnJ-2OmXD7x1L&ved=2ahUKEwipqN_l0ZqRAxVoTVUIHUDhNQQ4HhDy0wN6BAgJEA8&biw=1920&bih=1032&dpr=1 (ignore_db=False)
2025-12-01 09:58:13,804 - app.logger - INFO - ✅ Trusted domain detected: www.google.com - marking as safe immediately
2025-12-01 09:58:13,807 - app.logger - INFO - [WS] URL analysis completed for https://www.google.com/search?q=%D1%84%D0%B5%D0%B9%D1%81%D0%B1%D1%83%D0%BA&sca_esv=edc10655191454d0&sxsrf=AE3TifPAh_TW69LV2c_lms2avv4TMtQWTw:1764531960800&ei=-J4saanMMOia1fIPwMLXIQ&start=60&sa=N&sstk=Af77f_ciSIoiQuE5GOjkcqocXfTnT16J8Mx8UaJ_BXWMoXphMycOaJgnXEjTJjfoCpAjNSP_VGPklbOsjYqfbZs-U2srgpVWmcwkspEYB8_7IruUbftTtBeGnJ-2OmXD7x1L&ved=2ahUKEwipqN_l0ZqRAxVoTVUIHUDhNQQ4HhDy0wN6BAgJEA8&biw=1920&bih=1032&dpr=1: safe=True, source=trusted_domain
2025-12-01 09:58:13,808 - app.logger - INFO - [WS] Sent analysis_result for https://www.google.com/search?q=%D1%84%D0%B5%D0%B9%D1%81%D0%B1%D1%83%D0%BA&sca_esv=edc10655191454d0&sxsrf=AE3TifPAh_TW69LV2c_lms2avv4TMtQWTw:1764531960800&ei=-J4saanMMOia1fIPwMLXIQ&start=60&sa=N&sstk=Af77f_ciSIoiQuE5GOjkcqocXfTnT16J8Mx8UaJ_BXWMoXphMycOaJgnXEjTJjfoCpAjNSP_VGPklbOsjYqfbZs-U2srgpVWmcwkspEYB8_7IruUbftTtBeGnJ-2OmXD7x1L&ved=2ahUKEwipqN_l0ZqRAxVoTVUIHUDhNQQ4HhDy0wN6BAgJEA8&biw=1920&bih=1032&dpr=1 to client ff9c7341-84d6-4620-ada2-5dbd0192d1b3
